# JRE version: OpenJDK Runtime Environment (21.0.6) (build 21.0.6+-13391695-b895.109)
# Java VM: OpenJDK 64-Bit Server VM (21.0.6+-13391695-b895.109, mixed mode, tiered, compressed oops, compressed class ptrs, g1 gc, windows-amd64)
GC Precious Log:
 CardTable entry size: 512
 Card Set container configuration: InlinePtr #cards 4 size 8 Array Of Cards #cards 32 size 80 Howl #buckets 8 coarsen threshold 7372 Howl Bitmap #cards 1024 size 144 coarsen threshold 921 Card regions per heap region 1 cards per card region 8192
 CPUs: 4 total, 4 available
 Memory: 8113M
 Large Page Support: Disabled
 NUMA Support: Disabled
 Compressed Oops: Enabled (Zero based)
 Heap Region Size: 4M
 Heap Min Capacity: 8M
 Heap Initial Capacity: 128M
 Heap Max Capacity: 8G
 Pre-touch: Disabled
 Parallel Workers: 4
 Concurrent Workers: 1
 Concurrent Refinement Workers: 4
 Periodic GC: Disabled
Heap:
 garbage-first heap   total 720896K, used 513891K [0x0000000600000000, 0x0000000800000000)
  region size 4096K, 1 young (4096K), 1 survivors (4096K)
 Metaspace       used 164350K, committed 166976K, reserved 1245184K
  class space    used 21790K, committed 23104K, reserved 1048576K
GC Heap History (20 events):
Event: 380.891 GC heap after
{Heap after GC invocations=79 (full 0):
 garbage-first heap   total 401408K, used 245859K [0x0000000600000000, 0x0000000800000000)
  region size 4096K, 2 young (8192K), 2 survivors (8192K)
 Metaspace       used 138315K, committed 140864K, reserved 1179648K
  class space    used 18355K, committed 19584K, reserved 1048576K
}
Event: 384.789 GC heap before
{Heap before GC invocations=79 (full 0):
 garbage-first heap   total 401408K, used 356451K [0x0000000600000000, 0x0000000800000000)
  region size 4096K, 30 young (122880K), 2 survivors (8192K)
 Metaspace       used 140750K, committed 143296K, reserved 1179648K
  class space    used 18608K, committed 19840K, reserved 1048576K
}
Event: 384.803 GC heap after
{Heap after GC invocations=80 (full 0):
 garbage-first heap   total 401408K, used 246218K [0x0000000600000000, 0x0000000800000000)
  region size 4096K, 2 young (8192K), 2 survivors (8192K)
 Metaspace       used 140750K, committed 143296K, reserved 1179648K
  class space    used 18608K, committed 19840K, reserved 1048576K
}
Event: 401.133 GC heap before
{Heap before GC invocations=81 (full 0):
 garbage-first heap   total 634880K, used 479690K [0x0000000600000000, 0x0000000800000000)
  region size 4096K, 28 young (114688K), 2 survivors (8192K)
 Metaspace       used 141497K, committed 144064K, reserved 1179648K
  class space    used 18718K, committed 19968K, reserved 1048576K
}
Event: 401.265 GC heap after
{Heap after GC invocations=82 (full 0):
 garbage-first heap   total 634880K, used 250650K [0x0000000600000000, 0x0000000800000000)
  region size 4096K, 3 young (12288K), 3 survivors (12288K)
 Metaspace       used 141497K, committed 144064K, reserved 1179648K
  class space    used 18718K, committed 19968K, reserved 1048576K
}
Event: 496.183 GC heap before
{Heap before GC invocations=82 (full 0):
 garbage-first heap   total 634880K, used 590618K [0x0000000600000000, 0x0000000800000000)
  region size 4096K, 82 young (335872K), 3 survivors (12288K)
 Metaspace       used 157925K, committed 160576K, reserved 1245184K
  class space    used 20899K, committed 22208K, reserved 1048576K
}
Event: 496.459 GC heap after
{Heap after GC invocations=83 (full 0):
 garbage-first heap   total 634880K, used 270656K [0x0000000600000000, 0x0000000800000000)
  region size 4096K, 7 young (28672K), 7 survivors (28672K)
 Metaspace       used 157925K, committed 160576K, reserved 1245184K
  class space    used 20899K, committed 22208K, reserved 1048576K
}
Event: 514.432 GC heap before
{Heap before GC invocations=83 (full 0):
 garbage-first heap   total 634880K, used 418112K [0x0000000600000000, 0x0000000800000000)
  region size 4096K, 43 young (176128K), 7 survivors (28672K)
 Metaspace       used 158423K, committed 161024K, reserved 1245184K
  class space    used 20941K, committed 22208K, reserved 1048576K
}
Event: 514.492 GC heap after
{Heap after GC invocations=84 (full 0):
 garbage-first heap   total 634880K, used 270994K [0x0000000600000000, 0x0000000800000000)
  region size 4096K, 1 young (4096K), 1 survivors (4096K)
 Metaspace       used 158423K, committed 161024K, reserved 1245184K
  class space    used 20941K, committed 22208K, reserved 1048576K
}
Event: 569.362 GC heap before
{Heap before GC invocations=85 (full 0):
 garbage-first heap   total 643072K, used 635538K [0x0000000600000000, 0x0000000800000000)
  region size 4096K, 67 young (274432K), 1 survivors (4096K)
 Metaspace       used 163771K, committed 166336K, reserved 1245184K
  class space    used 21733K, committed 22976K, reserved 1048576K
}
Event: 569.580 GC heap after
{Heap after GC invocations=86 (full 0):
 garbage-first heap   total 720896K, used 413625K [0x0000000600000000, 0x0000000800000000)
  region size 4096K, 10 young (40960K), 10 survivors (40960K)
 Metaspace       used 163771K, committed 166336K, reserved 1245184K
  class space    used 21733K, committed 22976K, reserved 1048576K
}
Event: 574.729 GC heap before
{Heap before GC invocations=86 (full 0):
 garbage-first heap   total 720896K, used 466873K [0x0000000600000000, 0x0000000800000000)
  region size 4096K, 24 young (98304K), 10 survivors (40960K)
 Metaspace       used 163868K, committed 166528K, reserved 1245184K
  class space    used 21739K, committed 23040K, reserved 1048576K
}
Event: 576.196 GC heap after
{Heap after GC invocations=87 (full 0):
 garbage-first heap   total 720896K, used 431600K [0x0000000600000000, 0x0000000800000000)
  region size 4096K, 3 young (12288K), 3 survivors (12288K)
 Metaspace       used 163868K, committed 166528K, reserved 1245184K
  class space    used 21739K, committed 23040K, reserved 1048576K
}
Event: 579.325 GC heap before
{Heap before GC invocations=87 (full 0):
 garbage-first heap   total 720896K, used 452080K [0x0000000600000000, 0x0000000800000000)
  region size 4096K, 8 young (32768K), 3 survivors (12288K)
 Metaspace       used 163894K, committed 166528K, reserved 1245184K
  class space    used 21741K, committed 23040K, reserved 1048576K
}
Event: 579.407 GC heap after
{Heap after GC invocations=88 (full 0):
 garbage-first heap   total 720896K, used 440269K [0x0000000600000000, 0x0000000800000000)
  region size 4096K, 1 young (4096K), 1 survivors (4096K)
 Metaspace       used 163894K, committed 166528K, reserved 1245184K
  class space    used 21741K, committed 23040K, reserved 1048576K
}
Event: 584.427 GC heap before
{Heap before GC invocations=88 (full 0):
 garbage-first heap   total 720896K, used 534477K [0x0000000600000000, 0x0000000800000000)
  region size 4096K, 24 young (98304K), 1 survivors (4096K)
 Metaspace       used 164237K, committed 166848K, reserved 1245184K
  class space    used 21782K, committed 23040K, reserved 1048576K
}
Event: 585.012 GC heap after
{Heap after GC invocations=89 (full 0):
 garbage-first heap   total 720896K, used 481102K [0x0000000600000000, 0x0000000800000000)
  region size 4096K, 3 young (12288K), 3 survivors (12288K)
 Metaspace       used 164237K, committed 166848K, reserved 1245184K
  class space    used 21782K, committed 23040K, reserved 1048576K
}
Event: 587.790 GC heap before
{Heap before GC invocations=89 (full 0):
 garbage-first heap   total 720896K, used 509774K [0x0000000600000000, 0x0000000800000000)
  region size 4096K, 8 young (32768K), 3 survivors (12288K)
 Metaspace       used 164317K, committed 166976K, reserved 1245184K
  class space    used 21790K, committed 23104K, reserved 1048576K
}
Event: 588.141 GC heap after
{Heap after GC invocations=90 (full 0):
 garbage-first heap   total 720896K, used 499712K [0x0000000600000000, 0x0000000800000000)
  region size 4096K, 1 young (4096K), 1 survivors (4096K)
 Metaspace       used 164317K, committed 166976K, reserved 1245184K
  class space    used 21790K, committed 23104K, reserved 1048576K
}
Event: 588.895 GC heap before
{Heap before GC invocations=90 (full 0):
 garbage-first heap   total 720896K, used 528384K [0x0000000600000000, 0x0000000800000000)
  region size 4096K, 8 young (32768K), 1 survivors (4096K)
 Metaspace       used 164350K, committed 166976K, reserved 1245184K
  class space    used 21790K, committed 23104K, reserved 1048576K
}

