# JRE version: OpenJDK Runtime Environment (21.0.6) (build 21.0.6+-13391695-b895.109)
# Java VM: OpenJDK 64-Bit Server VM (21.0.6+-13391695-b895.109, mixed mode, tiered, compressed oops, compressed class ptrs, g1 gc, windows-amd64)
GC Precious Log:
 CardTable entry size: 512
 Card Set container configuration: InlinePtr #cards 4 size 8 Array Of Cards #cards 32 size 80 Howl #buckets 8 coarsen threshold 7372 Howl Bitmap #cards 1024 size 144 coarsen threshold 921 Card regions per heap region 1 cards per card region 8192
 CPUs: 4 total, 4 available
 Memory: 8113M
 Large Page Support: Disabled
 NUMA Support: Disabled
 Compressed Oops: Enabled (Zero based)
 Heap Region Size: 4M
 Heap Min Capacity: 8M
 Heap Initial Capacity: 128M
 Heap Max Capacity: 8G
 Pre-touch: Disabled
 Parallel Workers: 4
 Concurrent Workers: 1
 Concurrent Refinement Workers: 4
 Periodic GC: Disabled
Heap:
 garbage-first heap   total 757760K, used 585728K [0x0000000600000000, 0x0000000800000000)
  region size 4096K, 35 young (143360K), 6 survivors (24576K)
 Metaspace       used 153835K, committed 156480K, reserved 1245184K
  class space    used 20291K, committed 21568K, reserved 1048576K
GC Heap History (20 events):
Event: 159.937 GC heap before
{Heap before GC invocations=76 (full 0):
 garbage-first heap   total 417792K, used 371822K [0x0000000600000000, 0x0000000800000000)
  region size 4096K, 33 young (135168K), 4 survivors (16384K)
 Metaspace       used 138116K, committed 140672K, reserved 1179648K
  class space    used 18542K, committed 19776K, reserved 1048576K
}
Event: 159.978 GC heap after
{Heap after GC invocations=77 (full 0):
 garbage-first heap   total 417792K, used 257495K [0x0000000600000000, 0x0000000800000000)
  region size 4096K, 4 young (16384K), 4 survivors (16384K)
 Metaspace       used 138116K, committed 140672K, reserved 1179648K
  class space    used 18542K, committed 19776K, reserved 1048576K
}
Event: 162.942 GC heap before
{Heap before GC invocations=77 (full 0):
 garbage-first heap   total 417792K, used 372183K [0x0000000600000000, 0x0000000800000000)
  region size 4096K, 32 young (131072K), 4 survivors (16384K)
 Metaspace       used 138253K, committed 140800K, reserved 1179648K
  class space    used 18543K, committed 19776K, reserved 1048576K
}
Event: 162.980 GC heap after
{Heap after GC invocations=78 (full 0):
 garbage-first heap   total 503808K, used 264294K [0x0000000600000000, 0x0000000800000000)
  region size 4096K, 3 young (12288K), 3 survivors (12288K)
 Metaspace       used 138253K, committed 140800K, reserved 1179648K
  class space    used 18543K, committed 19776K, reserved 1048576K
}
Event: 167.285 GC heap before
{Heap before GC invocations=79 (full 0):
 garbage-first heap   total 503808K, used 452710K [0x0000000600000000, 0x0000000800000000)
  region size 4096K, 50 young (204800K), 3 survivors (12288K)
 Metaspace       used 138395K, committed 140992K, reserved 1179648K
  class space    used 18545K, committed 19776K, reserved 1048576K
}
Event: 167.333 GC heap after
{Heap after GC invocations=80 (full 0):
 garbage-first heap   total 503808K, used 273657K [0x0000000600000000, 0x0000000800000000)
  region size 4096K, 5 young (20480K), 5 survivors (20480K)
 Metaspace       used 138395K, committed 140992K, reserved 1179648K
  class space    used 18545K, committed 19776K, reserved 1048576K
}
Event: 171.453 GC heap before
{Heap before GC invocations=80 (full 0):
 garbage-first heap   total 503808K, used 445689K [0x0000000600000000, 0x0000000800000000)
  region size 4096K, 48 young (196608K), 5 survivors (20480K)
 Metaspace       used 140830K, committed 143488K, reserved 1179648K
  class space    used 18821K, committed 20096K, reserved 1048576K
}
Event: 171.509 GC heap after
{Heap after GC invocations=81 (full 0):
 garbage-first heap   total 503808K, used 281353K [0x0000000600000000, 0x0000000800000000)
  region size 4096K, 6 young (24576K), 6 survivors (24576K)
 Metaspace       used 140830K, committed 143488K, reserved 1179648K
  class space    used 18821K, committed 20096K, reserved 1048576K
}
Event: 179.351 GC heap before
{Heap before GC invocations=81 (full 0):
 garbage-first heap   total 503808K, used 441097K [0x0000000600000000, 0x0000000800000000)
  region size 4096K, 46 young (188416K), 6 survivors (24576K)
 Metaspace       used 141304K, committed 143936K, reserved 1179648K
  class space    used 18890K, committed 20160K, reserved 1048576K
}
Event: 179.393 GC heap after
{Heap after GC invocations=82 (full 0):
 garbage-first heap   total 503808K, used 285803K [0x0000000600000000, 0x0000000800000000)
  region size 4096K, 5 young (20480K), 5 survivors (20480K)
 Metaspace       used 141304K, committed 143936K, reserved 1179648K
  class space    used 18890K, committed 20160K, reserved 1048576K
}
Event: 185.368 GC heap before
{Heap before GC invocations=83 (full 0):
 garbage-first heap   total 520192K, used 511083K [0x0000000600000000, 0x0000000800000000)
  region size 4096K, 43 young (176128K), 5 survivors (20480K)
 Metaspace       used 143804K, committed 146432K, reserved 1179648K
  class space    used 19216K, committed 20480K, reserved 1048576K
}
Event: 185.421 GC heap after
{Heap after GC invocations=84 (full 0):
 garbage-first heap   total 561152K, used 341293K [0x0000000600000000, 0x0000000800000000)
  region size 4096K, 6 young (24576K), 6 survivors (24576K)
 Metaspace       used 143804K, committed 146432K, reserved 1179648K
  class space    used 19216K, committed 20480K, reserved 1048576K
}
Event: 187.043 GC heap before
{Heap before GC invocations=84 (full 0):
 garbage-first heap   total 561152K, used 505133K [0x0000000600000000, 0x0000000800000000)
  region size 4096K, 47 young (192512K), 6 survivors (24576K)
 Metaspace       used 144335K, committed 147008K, reserved 1179648K
  class space    used 19243K, committed 20544K, reserved 1048576K
}
Event: 187.097 GC heap after
{Heap after GC invocations=85 (full 0):
 garbage-first heap   total 598016K, used 394488K [0x0000000600000000, 0x0000000800000000)
  region size 4096K, 6 young (24576K), 6 survivors (24576K)
 Metaspace       used 144335K, committed 147008K, reserved 1179648K
  class space    used 19243K, committed 20544K, reserved 1048576K
}
Event: 188.102 GC heap before
{Heap before GC invocations=85 (full 0):
 garbage-first heap   total 598016K, used 460024K [0x0000000600000000, 0x0000000800000000)
  region size 4096K, 24 young (98304K), 6 survivors (24576K)
 Metaspace       used 144362K, committed 147008K, reserved 1179648K
  class space    used 19243K, committed 20544K, reserved 1048576K
}
Event: 188.124 GC heap after
{Heap after GC invocations=86 (full 0):
 garbage-first heap   total 720896K, used 421888K [0x0000000600000000, 0x0000000800000000)
  region size 4096K, 5 young (20480K), 5 survivors (20480K)
 Metaspace       used 144362K, committed 147008K, reserved 1179648K
  class space    used 19243K, committed 20544K, reserved 1048576K
}
Event: 188.154 GC heap before
{Heap before GC invocations=86 (full 0):
 garbage-first heap   total 720896K, used 442368K [0x0000000600000000, 0x0000000800000000)
  region size 4096K, 6 young (24576K), 5 survivors (20480K)
 Metaspace       used 144362K, committed 147008K, reserved 1179648K
  class space    used 19243K, committed 20544K, reserved 1048576K
}
Event: 188.162 GC heap after
{Heap after GC invocations=87 (full 0):
 garbage-first heap   total 720896K, used 449701K [0x0000000600000000, 0x0000000800000000)
  region size 4096K, 1 young (4096K), 1 survivors (4096K)
 Metaspace       used 144362K, committed 147008K, reserved 1179648K
  class space    used 19243K, committed 20544K, reserved 1048576K
}
Event: 192.550 GC heap before
{Heap before GC invocations=88 (full 0):
 garbage-first heap   total 757760K, used 638117K [0x0000000600000000, 0x0000000800000000)
  region size 4096K, 47 young (192512K), 1 survivors (4096K)
 Metaspace       used 145207K, committed 147904K, reserved 1179648K
  class space    used 19325K, committed 20672K, reserved 1048576K
}
Event: 192.573 GC heap after
{Heap after GC invocations=89 (full 0):
 garbage-first heap   total 757760K, used 475136K [0x0000000600000000, 0x0000000800000000)
  region size 4096K, 6 young (24576K), 6 survivors (24576K)
 Metaspace       used 145207K, committed 147904K, reserved 1179648K
  class space    used 19325K, committed 20672K, reserved 1048576K
}

